
*** Running vivado
    with args -log top.vds -m64 -product Vivado -mode batch -messageDb vivado.pb -notrace -source top.tcl


ECHO is off.
ECHO is off.

****** Vivado v2023.1 (64-bit)
  **** SW Build 3865809 on Sun May  7 15:05:29 MDT 2023
  **** IP Build 3864474 on Sun May  7 20:36:21 MDT 2023
  **** SharedData Build 3865790 on Sun May 07 13:33:03 MDT 2023
    ** Copyright 1986-2022 Xilinx, Inc. All Rights Reserved.
    ** Copyright 2022-2023 Advanced Micro Devices, Inc. All Rights Reserved.

source top.tcl -notrace
create_project: Time (s): cpu = 00:00:06 ; elapsed = 00:00:06 . Memory (MB): peak = 426.531 ; gain = 161.273
Command: read_checkpoint -auto_incremental -incremental C:/Users/Zack/labone/mainproject/VivadoProjects/finalDesign/finalDesign.srcs/utils_1/imports/synth_1/top.dcp
INFO: [Vivado 12-5825] Read reference checkpoint from C:/Users/Zack/labone/mainproject/VivadoProjects/finalDesign/finalDesign.srcs/utils_1/imports/synth_1/top.dcp for incremental synthesis
INFO: [Vivado 12-7989] Please ensure there are no constraint changes
Command: synth_design -top top -part xc7a35tcpg236-1
Starting synth_design
Attempting to get a license for feature 'Synthesis' and/or device 'xc7a35t'
INFO: [Common 17-349] Got license for feature 'Synthesis' and/or device 'xc7a35t'
INFO: [Device 21-403] Loading part xc7a35tcpg236-1
INFO: [Designutils 20-5440] No compile time benefit to using incremental synthesis; A full resynthesis will be run
INFO: [Designutils 20-4379] Flow is switching to default flow due to incremental criteria not met. If you would like to alter this behaviour and have the flow terminate instead, please set the following parameter config_implementation {autoIncr.Synth.RejectBehavior Terminate}
INFO: [Synth 8-7079] Multithreading enabled for synth_design using a maximum of 2 processes.
INFO: [Synth 8-7078] Launching helper process for spawning children vivado processes
INFO: [Synth 8-7075] Helper process launched with PID 11360
WARNING: [Synth 8-6901] identifier 'OFF' is used before its declaration [C:/Users/Zack/labone/mainproject/stationSystem/MaterialSystem/MaterialSystem.v:34]
WARNING: [Synth 8-6901] identifier 'UP' is used before its declaration [C:/Users/Zack/labone/mainproject/stationSystem/MaterialSystem/MaterialSystem.v:35]
---------------------------------------------------------------------------------
Starting RTL Elaboration : Time (s): cpu = 00:00:05 ; elapsed = 00:00:05 . Memory (MB): peak = 1253.020 ; gain = 412.074
---------------------------------------------------------------------------------
INFO: [Synth 8-6157] synthesizing module 'top' [C:/Users/Zack/labone/mainproject/VivadoProjects/finalDesign/finalDesign.srcs/sources_1/new/top.v:23]
INFO: [Synth 8-6157] synthesizing module 'CLK_SYS' [C:/Users/Zack/labone/mainproject/clkSystem/CLK_SYS.v:29]
INFO: [Synth 8-6155] done synthesizing module 'CLK_SYS' (0#1) [C:/Users/Zack/labone/mainproject/clkSystem/CLK_SYS.v:29]
INFO: [Synth 8-6157] synthesizing module 'drive' [C:/Users/Zack/labone/mainproject/driveSystem/drive.v:34]
INFO: [Synth 8-6157] synthesizing module 'movement' [C:/Users/Zack/labone/mainproject/driveSystem/movementSystem/movement.v:40]
INFO: [Synth 8-6155] done synthesizing module 'movement' (0#1) [C:/Users/Zack/labone/mainproject/driveSystem/movementSystem/movement.v:40]
INFO: [Synth 8-6157] synthesizing module 'PWM_Generator' [C:/Users/Zack/labone/mainproject/driveSystem/PWM_Generator/PWM_Generator.v:29]
INFO: [Synth 8-6157] synthesizing module 'TimerCounter' [C:/Users/Zack/labone/mainproject/driveSystem/PWM_Generator/PWM_Generator.v:51]
INFO: [Synth 8-6155] done synthesizing module 'TimerCounter' (0#1) [C:/Users/Zack/labone/mainproject/driveSystem/PWM_Generator/PWM_Generator.v:51]
INFO: [Synth 8-6157] synthesizing module 'Comparex' [C:/Users/Zack/labone/mainproject/driveSystem/PWM_Generator/PWM_Generator.v:78]
INFO: [Synth 8-6155] done synthesizing module 'Comparex' (0#1) [C:/Users/Zack/labone/mainproject/driveSystem/PWM_Generator/PWM_Generator.v:78]
INFO: [Synth 8-6157] synthesizing module 'Outputx' [C:/Users/Zack/labone/mainproject/driveSystem/PWM_Generator/PWM_Generator.v:104]
INFO: [Synth 8-6155] done synthesizing module 'Outputx' (0#1) [C:/Users/Zack/labone/mainproject/driveSystem/PWM_Generator/PWM_Generator.v:104]
INFO: [Synth 8-6155] done synthesizing module 'PWM_Generator' (0#1) [C:/Users/Zack/labone/mainproject/driveSystem/PWM_Generator/PWM_Generator.v:29]
INFO: [Synth 8-6157] synthesizing module 'overcurrent' [C:/Users/Zack/labone/mainproject/driveSystem/overcurrent/overcurrent.v:33]
INFO: [Synth 8-6155] done synthesizing module 'overcurrent' (0#1) [C:/Users/Zack/labone/mainproject/driveSystem/overcurrent/overcurrent.v:33]
INFO: [Synth 8-6155] done synthesizing module 'drive' (0#1) [C:/Users/Zack/labone/mainproject/driveSystem/drive.v:34]
INFO: [Synth 8-6157] synthesizing module 'stationSystem' [C:/Users/Zack/labone/mainproject/stationSystem/station.v:31]
INFO: [Synth 8-6157] synthesizing module 'XADC_Module' [C:/Users/Zack/labone/mainproject/stationSystem/XADC/XADC.v:26]
INFO: [Synth 8-6157] synthesizing module 'xadc_wiz_0' [C:/Users/Zack/labone/mainproject/VivadoProjects/finalDesign/finalDesign.runs/synth_1/.Xil/Vivado-2096-DESKTOP-I08JEN1/realtime/xadc_wiz_0_stub.v:6]
INFO: [Synth 8-6155] done synthesizing module 'xadc_wiz_0' (0#1) [C:/Users/Zack/labone/mainproject/VivadoProjects/finalDesign/finalDesign.runs/synth_1/.Xil/Vivado-2096-DESKTOP-I08JEN1/realtime/xadc_wiz_0_stub.v:6]
INFO: [Synth 8-6155] done synthesizing module 'XADC_Module' (0#1) [C:/Users/Zack/labone/mainproject/stationSystem/XADC/XADC.v:26]
INFO: [Synth 8-6157] synthesizing module 'SSegDriver' [C:/Users/Zack/labone/mainproject/stationSystem/7SegmentDriver/7SegDriver.v:30]
INFO: [Synth 8-6155] done synthesizing module 'SSegDriver' (0#1) [C:/Users/Zack/labone/mainproject/stationSystem/7SegmentDriver/7SegDriver.v:30]
INFO: [Synth 8-6157] synthesizing module 'SSEG_Display' [C:/Users/Zack/labone/mainproject/stationSystem/7SegmentDisplay/7SegDisplay.v:26]
INFO: [Synth 8-6157] synthesizing module 'digitDriver' [C:/Users/Zack/labone/mainproject/stationSystem/7SegmentDisplay/7SegDisplay.v:83]
INFO: [Synth 8-6155] done synthesizing module 'digitDriver' (0#1) [C:/Users/Zack/labone/mainproject/stationSystem/7SegmentDisplay/7SegDisplay.v:83]
INFO: [Synth 8-6155] done synthesizing module 'SSEG_Display' (0#1) [C:/Users/Zack/labone/mainproject/stationSystem/7SegmentDisplay/7SegDisplay.v:26]
INFO: [Synth 8-6157] synthesizing module 'materialSystem' [C:/Users/Zack/labone/mainproject/stationSystem/MaterialSystem/MaterialSystem.v:28]
INFO: [Synth 8-6155] done synthesizing module 'materialSystem' (0#1) [C:/Users/Zack/labone/mainproject/stationSystem/MaterialSystem/MaterialSystem.v:28]
INFO: [Synth 8-6157] synthesizing module 'WasherPWM' [C:/Users/Zack/labone/mainproject/stationSystem/WasherPWM/WasherPWM.v:21]
INFO: [Synth 8-6157] synthesizing module 'WasherTC' [C:/Users/Zack/labone/mainproject/stationSystem/WasherPWM/WasherPWM.v:45]
INFO: [Synth 8-6155] done synthesizing module 'WasherTC' (0#1) [C:/Users/Zack/labone/mainproject/stationSystem/WasherPWM/WasherPWM.v:45]
INFO: [Synth 8-6157] synthesizing module 'WasherOut' [C:/Users/Zack/labone/mainproject/stationSystem/WasherPWM/WasherPWM.v:60]
INFO: [Synth 8-6155] done synthesizing module 'WasherOut' (0#1) [C:/Users/Zack/labone/mainproject/stationSystem/WasherPWM/WasherPWM.v:60]
INFO: [Synth 8-6155] done synthesizing module 'WasherPWM' (0#1) [C:/Users/Zack/labone/mainproject/stationSystem/WasherPWM/WasherPWM.v:21]
INFO: [Synth 8-6155] done synthesizing module 'stationSystem' (0#1) [C:/Users/Zack/labone/mainproject/stationSystem/station.v:31]
INFO: [Synth 8-6155] done synthesizing module 'top' (0#1) [C:/Users/Zack/labone/mainproject/VivadoProjects/finalDesign/finalDesign.srcs/sources_1/new/top.v:23]
WARNING: [Synth 8-6014] Unused sequential element busy_reg was removed.  [C:/Users/Zack/labone/mainproject/stationSystem/7SegmentDriver/7SegDriver.v:62]
---------------------------------------------------------------------------------
Finished RTL Elaboration : Time (s): cpu = 00:00:07 ; elapsed = 00:00:07 . Memory (MB): peak = 1345.918 ; gain = 504.973
---------------------------------------------------------------------------------
---------------------------------------------------------------------------------
Start Handling Custom Attributes
---------------------------------------------------------------------------------
---------------------------------------------------------------------------------
Finished Handling Custom Attributes : Time (s): cpu = 00:00:07 ; elapsed = 00:00:07 . Memory (MB): peak = 1345.918 ; gain = 504.973
---------------------------------------------------------------------------------
---------------------------------------------------------------------------------
Finished RTL Optimization Phase 1 : Time (s): cpu = 00:00:07 ; elapsed = 00:00:07 . Memory (MB): peak = 1345.918 ; gain = 504.973
---------------------------------------------------------------------------------
Netlist sorting complete. Time (s): cpu = 00:00:00 ; elapsed = 00:00:00.004 . Memory (MB): peak = 1345.918 ; gain = 0.000
INFO: [Project 1-570] Preparing netlist for logic optimization

Processing XDC Constraints
Initializing timing engine
Parsing XDC File [c:/Users/Zack/labone/mainproject/VivadoProjects/finalDesign/finalDesign.gen/sources_1/ip/xadc_wiz_0/xadc_wiz_0/xadc_wiz_0_in_context.xdc] for cell 'Station/XADC0/xadc1'
Finished Parsing XDC File [c:/Users/Zack/labone/mainproject/VivadoProjects/finalDesign/finalDesign.gen/sources_1/ip/xadc_wiz_0/xadc_wiz_0/xadc_wiz_0_in_context.xdc] for cell 'Station/XADC0/xadc1'
Parsing XDC File [C:/Users/Zack/labone/mainproject/VivadoProjects/finalDesign/finalDesign.srcs/constrs_1/imports/Vivado Files/Basys3_Master.xdc]
Finished Parsing XDC File [C:/Users/Zack/labone/mainproject/VivadoProjects/finalDesign/finalDesign.srcs/constrs_1/imports/Vivado Files/Basys3_Master.xdc]
INFO: [Project 1-236] Implementation specific constraints were found while reading constraint file [C:/Users/Zack/labone/mainproject/VivadoProjects/finalDesign/finalDesign.srcs/constrs_1/imports/Vivado Files/Basys3_Master.xdc]. These constraints will be ignored for synthesis but will be used in implementation. Impacted constraints are listed in the file [.Xil/top_propImpl.xdc].
Resolution: To avoid this warning, move constraints listed in [.Xil/top_propImpl.xdc] to another XDC file and exclude this new file from synthesis with the used_in_synthesis property (File Properties dialog in GUI) and re-run elaboration/synthesis.
Completed Processing XDC Constraints

Netlist sorting complete. Time (s): cpu = 00:00:00 ; elapsed = 00:00:00.001 . Memory (MB): peak = 1393.445 ; gain = 0.000
INFO: [Project 1-111] Unisim Transformation Summary:
No Unisim elements were transformed.

Constraint Validation Runtime : Time (s): cpu = 00:00:00 ; elapsed = 00:00:00.004 . Memory (MB): peak = 1393.445 ; gain = 0.000
INFO: [Designutils 20-5440] No compile time benefit to using incremental synthesis; A full resynthesis will be run
INFO: [Designutils 20-4379] Flow is switching to default flow due to incremental criteria not met. If you would like to alter this behaviour and have the flow terminate instead, please set the following parameter config_implementation {autoIncr.Synth.RejectBehavior Terminate}
---------------------------------------------------------------------------------
Finished Constraint Validation : Time (s): cpu = 00:00:14 ; elapsed = 00:00:14 . Memory (MB): peak = 1393.445 ; gain = 552.500
---------------------------------------------------------------------------------
---------------------------------------------------------------------------------
Start Loading Part and Timing Information
---------------------------------------------------------------------------------
Loading part: xc7a35tcpg236-1
---------------------------------------------------------------------------------
Finished Loading Part and Timing Information : Time (s): cpu = 00:00:14 ; elapsed = 00:00:14 . Memory (MB): peak = 1393.445 ; gain = 552.500
---------------------------------------------------------------------------------
---------------------------------------------------------------------------------
Start Applying 'set_property' XDC Constraints
---------------------------------------------------------------------------------
Applied set_property KEEP_HIERARCHY = SOFT for Station/XADC0/xadc1. (constraint file  auto generated constraint).
---------------------------------------------------------------------------------
Finished applying 'set_property' XDC Constraints : Time (s): cpu = 00:00:14 ; elapsed = 00:00:14 . Memory (MB): peak = 1393.445 ; gain = 552.500
---------------------------------------------------------------------------------
INFO: [Synth 8-802] inferred FSM for state register 'state_reg' in module 'SSegDriver'
INFO: [Synth 8-802] inferred FSM for state register 'state_reg' in module 'materialSystem'
---------------------------------------------------------------------------------------------------
                   State |                     New Encoding |                Previous Encoding 
---------------------------------------------------------------------------------------------------
                    IDLE |                               00 |                              000
                 CAPTURE |                               01 |                              001
                DIVISION |                               10 |                              010
                  OUTPUT |                               11 |                              011
---------------------------------------------------------------------------------------------------
INFO: [Synth 8-3354] encoded FSM with state register 'state_reg' using encoding 'sequential' in module 'SSegDriver'
---------------------------------------------------------------------------------------------------
                   State |                     New Encoding |                Previous Encoding 
---------------------------------------------------------------------------------------------------
                    IDLE |                           000001 |                             0000
                    READ |                           000010 |                             0001
                 CORRECT |                           000100 |                             0010
            LeaveDropoff |                           001000 |                             0011
              FINDPICKUP |                           010000 |                             0100
                  PICKUP |                           100000 |                             0101
---------------------------------------------------------------------------------------------------
INFO: [Synth 8-3354] encoded FSM with state register 'state_reg' using encoding 'one-hot' in module 'materialSystem'
---------------------------------------------------------------------------------
Finished RTL Optimization Phase 2 : Time (s): cpu = 00:00:14 ; elapsed = 00:00:15 . Memory (MB): peak = 1393.445 ; gain = 552.500
---------------------------------------------------------------------------------
---------------------------------------------------------------------------------
Start RTL Component Statistics 
---------------------------------------------------------------------------------
Detailed RTL Component Info : 
+---Adders : 
	   3 Input   32 Bit       Adders := 1     
	   2 Input   17 Bit       Adders := 1     
	   2 Input   12 Bit       Adders := 1     
	   2 Input   10 Bit       Adders := 1     
	   2 Input    8 Bit       Adders := 1     
	   2 Input    7 Bit       Adders := 1     
	   2 Input    4 Bit       Adders := 1     
	   2 Input    2 Bit       Adders := 2     
+---XORs : 
	   2 Input      1 Bit         XORs := 14    
+---Registers : 
	               17 Bit    Registers := 1     
	               12 Bit    Registers := 1     
	               10 Bit    Registers := 2     
	                8 Bit    Registers := 2     
	                7 Bit    Registers := 3     
	                4 Bit    Registers := 1     
	                2 Bit    Registers := 6     
	                1 Bit    Registers := 15    
+---Muxes : 
	   2 Input   12 Bit        Muxes := 1     
	   4 Input   12 Bit        Muxes := 1     
	   2 Input   10 Bit        Muxes := 1     
	   2 Input    8 Bit        Muxes := 1     
	   4 Input    8 Bit        Muxes := 3     
	   4 Input    7 Bit        Muxes := 2     
	   6 Input    6 Bit        Muxes := 1     
	   2 Input    6 Bit        Muxes := 9     
	   3 Input    6 Bit        Muxes := 1     
	   2 Input    4 Bit        Muxes := 3     
	   5 Input    3 Bit        Muxes := 1     
	   4 Input    3 Bit        Muxes := 1     
	   6 Input    3 Bit        Muxes := 2     
	  10 Input    2 Bit        Muxes := 2     
	   2 Input    2 Bit        Muxes := 7     
	   4 Input    2 Bit        Muxes := 1     
	  10 Input    1 Bit        Muxes := 2     
	   2 Input    1 Bit        Muxes := 2     
	   4 Input    1 Bit        Muxes := 2     
	   6 Input    1 Bit        Muxes := 3     
---------------------------------------------------------------------------------
Finished RTL Component Statistics 
---------------------------------------------------------------------------------
---------------------------------------------------------------------------------
Start Part Resource Summary
---------------------------------------------------------------------------------
Part Resources:
DSPs: 90 (col length:60)
BRAMs: 100 (col length: RAMB18 60 RAMB36 30)
---------------------------------------------------------------------------------
Finished Part Resource Summary
---------------------------------------------------------------------------------
---------------------------------------------------------------------------------
Start Cross Boundary and Area Optimization
---------------------------------------------------------------------------------
WARNING: [Synth 8-7080] Parallel synthesis criteria is not met
---------------------------------------------------------------------------------
Finished Cross Boundary and Area Optimization : Time (s): cpu = 00:00:16 ; elapsed = 00:00:17 . Memory (MB): peak = 1393.445 ; gain = 552.500
---------------------------------------------------------------------------------
---------------------------------------------------------------------------------
Start Applying XDC Timing Constraints
---------------------------------------------------------------------------------
---------------------------------------------------------------------------------
Finished Applying XDC Timing Constraints : Time (s): cpu = 00:00:22 ; elapsed = 00:00:22 . Memory (MB): peak = 1393.445 ; gain = 552.500
---------------------------------------------------------------------------------
---------------------------------------------------------------------------------
Start Timing Optimization
---------------------------------------------------------------------------------
---------------------------------------------------------------------------------
Finished Timing Optimization : Time (s): cpu = 00:00:22 ; elapsed = 00:00:23 . Memory (MB): peak = 1393.445 ; gain = 552.500
---------------------------------------------------------------------------------
---------------------------------------------------------------------------------
Start Technology Mapping
---------------------------------------------------------------------------------
---------------------------------------------------------------------------------
Finished Technology Mapping : Time (s): cpu = 00:00:22 ; elapsed = 00:00:23 . Memory (MB): peak = 1393.445 ; gain = 552.500
---------------------------------------------------------------------------------
---------------------------------------------------------------------------------
Start IO Insertion
---------------------------------------------------------------------------------
---------------------------------------------------------------------------------
Start Flattening Before IO Insertion
---------------------------------------------------------------------------------
---------------------------------------------------------------------------------
Finished Flattening Before IO Insertion
---------------------------------------------------------------------------------
---------------------------------------------------------------------------------
Start Final Netlist Cleanup
---------------------------------------------------------------------------------
---------------------------------------------------------------------------------
Finished Final Netlist Cleanup
---------------------------------------------------------------------------------
CRITICAL WARNING: [Synth 8-4442] BlackBox module \Station/XADC0/xadc1  has unconnected pin reset_in
---------------------------------------------------------------------------------
Finished IO Insertion : Time (s): cpu = 00:00:27 ; elapsed = 00:00:27 . Memory (MB): peak = 1393.445 ; gain = 552.500
---------------------------------------------------------------------------------
---------------------------------------------------------------------------------
Start Renaming Generated Instances
---------------------------------------------------------------------------------
---------------------------------------------------------------------------------
Finished Renaming Generated Instances : Time (s): cpu = 00:00:27 ; elapsed = 00:00:27 . Memory (MB): peak = 1393.445 ; gain = 552.500
---------------------------------------------------------------------------------
---------------------------------------------------------------------------------
Start Rebuilding User Hierarchy
---------------------------------------------------------------------------------
---------------------------------------------------------------------------------
Finished Rebuilding User Hierarchy : Time (s): cpu = 00:00:27 ; elapsed = 00:00:27 . Memory (MB): peak = 1393.445 ; gain = 552.500
---------------------------------------------------------------------------------
---------------------------------------------------------------------------------
Start Renaming Generated Ports
---------------------------------------------------------------------------------
---------------------------------------------------------------------------------
Finished Renaming Generated Ports : Time (s): cpu = 00:00:27 ; elapsed = 00:00:27 . Memory (MB): peak = 1393.445 ; gain = 552.500
---------------------------------------------------------------------------------
---------------------------------------------------------------------------------
Start Handling Custom Attributes
---------------------------------------------------------------------------------
---------------------------------------------------------------------------------
Finished Handling Custom Attributes : Time (s): cpu = 00:00:27 ; elapsed = 00:00:27 . Memory (MB): peak = 1393.445 ; gain = 552.500
---------------------------------------------------------------------------------
---------------------------------------------------------------------------------
Start Renaming Generated Nets
---------------------------------------------------------------------------------
---------------------------------------------------------------------------------
Finished Renaming Generated Nets : Time (s): cpu = 00:00:27 ; elapsed = 00:00:27 . Memory (MB): peak = 1393.445 ; gain = 552.500
---------------------------------------------------------------------------------
---------------------------------------------------------------------------------
Start Writing Synthesis Report
---------------------------------------------------------------------------------

Report BlackBoxes: 
+------+--------------+----------+
|      |BlackBox name |Instances |
+------+--------------+----------+
|1     |xadc_wiz_0    |         1|
+------+--------------+----------+

Report Cell Usage: 
+------+---------+------+
|      |Cell     |Count |
+------+---------+------+
|1     |xadc_wiz |     1|
|2     |BUFG     |     1|
|3     |CARRY4   |    15|
|4     |LUT1     |    19|
|5     |LUT2     |    32|
|6     |LUT3     |    21|
|7     |LUT4     |    32|
|8     |LUT5     |    25|
|9     |LUT6     |    49|
|10    |FDRE     |   117|
|11    |FDSE     |     8|
|12    |IBUF     |    13|
|13    |OBUF     |    18|
+------+---------+------+
---------------------------------------------------------------------------------
Finished Writing Synthesis Report : Time (s): cpu = 00:00:27 ; elapsed = 00:00:27 . Memory (MB): peak = 1393.445 ; gain = 552.500
---------------------------------------------------------------------------------
Synthesis finished with 0 errors, 1 critical warnings and 1 warnings.
Synthesis Optimization Runtime : Time (s): cpu = 00:00:19 ; elapsed = 00:00:26 . Memory (MB): peak = 1393.445 ; gain = 504.973
Synthesis Optimization Complete : Time (s): cpu = 00:00:27 ; elapsed = 00:00:28 . Memory (MB): peak = 1393.445 ; gain = 552.500
INFO: [Project 1-571] Translating synthesized netlist
Netlist sorting complete. Time (s): cpu = 00:00:00 ; elapsed = 00:00:00.003 . Memory (MB): peak = 1393.445 ; gain = 0.000
INFO: [Netlist 29-17] Analyzing 15 Unisim elements for replacement
INFO: [Netlist 29-28] Unisim Transformation completed in 0 CPU seconds
INFO: [Project 1-570] Preparing netlist for logic optimization
INFO: [Opt 31-138] Pushed 0 inverter(s) to 0 load pin(s).
Netlist sorting complete. Time (s): cpu = 00:00:00 ; elapsed = 00:00:00 . Memory (MB): peak = 1393.445 ; gain = 0.000
INFO: [Project 1-111] Unisim Transformation Summary:
No Unisim elements were transformed.

Synth Design complete | Checksum: 6bec5645
INFO: [Common 17-83] Releasing license: Synthesis
63 Infos, 4 Warnings, 1 Critical Warnings and 0 Errors encountered.
synth_design completed successfully
synth_design: Time (s): cpu = 00:00:31 ; elapsed = 00:00:32 . Memory (MB): peak = 1393.445 ; gain = 933.422
INFO: [runtcl-6] Synthesis results are not added to the cache due to CRITICAL_WARNING
INFO: [Common 17-1381] The checkpoint 'C:/Users/Zack/labone/mainproject/VivadoProjects/finalDesign/finalDesign.runs/synth_1/top.dcp' has been generated.
INFO: [runtcl-4] Executing : report_utilization -file top_utilization_synth.rpt -pb top_utilization_synth.pb
INFO: [Common 17-206] Exiting Vivado at Sun Nov 26 18:41:47 2023...
